2025-12-08 16:54:41 [ERROR]: GET /api/v1/posts?page=1&limit=10 401 - 4ms 
2025-12-08 16:54:41 [ERROR]: GET /api/v1/posts?page=1&limit=10 401 - 1ms 
2025-12-08 16:54:42 [ERROR]: POST /api/auth/refresh-token 404 - 1ms 
2025-12-08 16:54:42 [ERROR]: POST /api/auth/refresh-token 404 - 1ms 
2025-12-08 16:57:03 [ERROR]: GET /api/v1/posts?page=1&limit=10 401 - 1ms 
2025-12-08 16:57:03 [ERROR]: GET /api/v1/posts?page=1&limit=10 401 - 0ms 
2025-12-08 16:57:03 [ERROR]: POST /api/auth/refresh-token 404 - 0ms 
2025-12-08 16:57:03 [ERROR]: POST /api/auth/refresh-token 404 - 0ms 
2025-12-08 16:58:00 [ERROR]: GET /api/v1/posts?page=1&limit=10 401 - 1ms 
2025-12-08 16:58:00 [ERROR]: GET /api/v1/posts?page=1&limit=10 401 - 0ms 
2025-12-08 16:58:00 [ERROR]: POST /api/auth/refresh-token 404 - 1ms 
2025-12-08 16:58:00 [ERROR]: POST /api/auth/refresh-token 404 - 1ms 
2025-12-08 16:58:17 [ERROR]: GET /api/v1/posts?page=1&limit=10 401 - 0ms 
2025-12-08 16:58:17 [ERROR]: GET /api/v1/posts?page=1&limit=10 401 - 0ms 
2025-12-08 16:58:17 [ERROR]: POST /api/auth/refresh-token 404 - 1ms 
2025-12-08 16:58:17 [ERROR]: POST /api/auth/refresh-token 404 - 0ms 
2025-12-08 17:02:00 [ERROR]: GET /api/v1/posts?page=1&limit=10 401 - 1ms 
2025-12-08 17:02:00 [ERROR]: GET /api/v1/posts?page=1&limit=10 401 - 0ms 
2025-12-08 17:02:00 [ERROR]: POST /api/auth/refresh-token 404 - 0ms 
2025-12-08 17:02:00 [ERROR]: POST /api/auth/refresh-token 404 - 1ms 
2025-12-08 17:03:54 [ERROR]: GET /api/v1/posts?page=1&limit=10 401 - 0ms 
2025-12-08 17:03:54 [ERROR]: GET /api/v1/posts?page=1&limit=10 401 - 1ms 
2025-12-08 17:03:54 [ERROR]: POST /api/auth/refresh-token 404 - 1ms 
2025-12-08 17:03:54 [ERROR]: POST /api/auth/refresh-token 404 - 0ms 
2025-12-08 17:07:57 [ERROR]: GET /api/v1/posts?page=1&limit=10 401 - 0ms 
2025-12-08 17:07:57 [ERROR]: GET /api/v1/posts?page=1&limit=10 401 - 0ms 
2025-12-08 17:07:57 [ERROR]: POST /api/auth/refresh-token 404 - 0ms 
2025-12-08 17:07:57 [ERROR]: POST /api/auth/refresh-token 404 - 0ms 
2025-12-08 17:08:00 [ERROR]: GET /api/v1/posts?page=1&limit=10 401 - 0ms 
2025-12-08 17:08:00 [ERROR]: GET /api/v1/posts?page=1&limit=10 401 - 0ms 
2025-12-08 17:08:00 [ERROR]: POST /api/auth/refresh-token 404 - 0ms 
2025-12-08 17:08:00 [ERROR]: POST /api/auth/refresh-token 404 - 1ms 
2025-12-08 17:08:15 [ERROR]: GET /api/v1/posts?page=1&limit=10 401 - 1ms 
2025-12-08 17:08:15 [ERROR]: GET /api/v1/posts?page=1&limit=10 401 - 0ms 
2025-12-08 17:08:15 [ERROR]: POST /api/auth/refresh-token 404 - 1ms 
2025-12-08 17:08:15 [ERROR]: POST /api/auth/refresh-token 404 - 0ms 
2025-12-08 17:09:28 [ERROR]: GET /api/v1/posts?page=1&limit=10 401 - 0ms 
2025-12-08 17:09:28 [ERROR]: GET /api/v1/posts?page=1&limit=10 401 - 1ms 
2025-12-08 17:09:28 [ERROR]: POST /api/auth/refresh-token 404 - 1ms 
2025-12-08 17:09:28 [ERROR]: POST /api/auth/refresh-token 404 - 0ms 
2025-12-08 17:09:56 [ERROR]: GET /api/v1/posts?page=1&limit=10 401 - 1ms 
2025-12-08 17:09:56 [ERROR]: GET /api/v1/posts?page=1&limit=10 401 - 0ms 
2025-12-08 17:09:56 [ERROR]: POST /api/auth/refresh-token 404 - 1ms 
2025-12-08 17:09:56 [ERROR]: POST /api/auth/refresh-token 404 - 0ms 
2025-12-08 17:10:11 [ERROR]: GET /api/v1/posts?page=1&limit=10 401 - 0ms 
2025-12-08 17:10:11 [ERROR]: GET /api/v1/posts?page=1&limit=10 401 - 0ms 
2025-12-08 17:10:11 [ERROR]: POST /api/auth/refresh-token 404 - 1ms 
2025-12-08 17:10:11 [ERROR]: POST /api/auth/refresh-token 404 - 1ms 
2025-12-08 17:10:31 [ERROR]: Server Error Invalid email or password {"module":"system","stack":"Error: Invalid email or password\n    at AuthService.loginUser (file:///C:/Users/cyhin/YiBu/server/src/services/Auth.Service.js:77:13)\n    at process.processTicksAndRejections (node:internal/process/task_queues:103:5)\n    at async file:///C:/Users/cyhin/YiBu/server/src/controllers/auth.controller.js:45:41","path":"/api/auth/login","method":"POST","statusCode":401}
2025-12-08 17:10:31 [ERROR]: POST /api/auth/login 401 - 51ms 
2025-12-08 17:10:31 [ERROR]: POST /api/auth/refresh-token 404 - 0ms 
2025-12-08 17:11:13 [ERROR]: GET /api/v1/posts?page=1&limit=10 404 - 7ms 
2025-12-08 17:11:13 [ERROR]: GET /api/v1/posts?page=1&limit=10 404 - 1ms 
2025-12-08 17:18:05 [ERROR]: GET /api/v1/posts?page=1&limit=10 404 - 2ms 
2025-12-08 17:18:05 [ERROR]: GET /api/v1/posts?page=1&limit=10 404 - 1ms 
2025-12-08 17:18:19 [ERROR]: GET /api/v1/posts?page=1&limit=10 404 - 1ms 
2025-12-08 17:18:19 [ERROR]: GET /api/v1/posts?page=1&limit=10 404 - 0ms 
2025-12-08 17:19:43 [ERROR]: GET /api/v1/posts?page=1&limit=10 404 - 0ms 
2025-12-08 17:20:28 [ERROR]: GET /api/v1/posts?page=1&limit=10 404 - 1ms 
2025-12-08 17:21:13 [ERROR]: GET /api/v1/posts?page=1&limit=10 404 - 1ms 
2025-12-08 17:21:13 [ERROR]: GET /api/v1/posts?page=1&limit=10 404 - 1ms 
2025-12-08 17:21:43 [ERROR]: GET /api/v1/posts?page=1&limit=10 404 - 1ms 
2025-12-08 17:23:42 [ERROR]: GET /api/v1/posts?page=1&limit=10 404 - 0ms 
2025-12-08 17:23:42 [ERROR]: GET /api/v1/posts?page=1&limit=10 404 - 1ms 
2025-12-08 17:23:46 [ERROR]: GET /api/v1/posts?page=1&limit=10 404 - 1ms 
2025-12-08 17:23:46 [ERROR]: GET /api/v1/posts?page=1&limit=10 404 - 1ms 
2025-12-08 17:23:53 [ERROR]: GET /api/v1/posts?page=1&limit=10 404 - 1ms 
2025-12-08 17:23:54 [ERROR]: GET /api/v1/posts?page=1&limit=10 404 - 3ms 
2025-12-08 17:27:04 [ERROR]: GET /api/v1/posts?page=1&limit=10 404 - 1ms 
2025-12-08 17:27:04 [ERROR]: GET /api/v1/posts?page=1&limit=10 404 - 0ms 
2025-12-08 17:40:14 [ERROR]: GET /api/v1/posts?page=1&limit=10 404 - 1ms 
2025-12-08 17:40:14 [ERROR]: GET /api/v1/posts?page=1&limit=10 404 - 1ms 
2025-12-08 17:41:42 [ERROR]: GET /api/v1/posts?page=1&limit=10 404 - 1ms 
2025-12-08 17:41:42 [ERROR]: GET /api/v1/posts?page=1&limit=10 404 - 1ms 
2025-12-08 17:42:58 [ERROR]: GET /api/v1/posts?page=1&limit=10 404 - 1ms 
2025-12-08 17:42:58 [ERROR]: GET /api/v1/posts?page=1&limit=10 404 - 0ms 
2025-12-08 17:46:37 [ERROR]: GET /api/v1/posts?page=1&limit=10 404 - 0ms 
2025-12-08 17:46:37 [ERROR]: GET /api/v1/posts?page=1&limit=10 404 - 1ms 
2025-12-08 17:46:55 [ERROR]: GET /api/v1/posts?page=1&limit=10 404 - 1ms 
2025-12-08 17:46:55 [ERROR]: GET /api/v1/posts?page=1&limit=10 404 - 2ms 
2025-12-08 17:47:18 [ERROR]: GET /api/v1/posts?page=1&limit=10 404 - 1ms 
2025-12-08 17:48:08 [ERROR]: GET /api/v1/posts?page=1&limit=10 404 - 0ms 
2025-12-08 17:48:08 [ERROR]: GET /api/v1/posts?page=1&limit=10 404 - 1ms 
2025-12-08 17:49:27 [ERROR]: GET /api/v1/posts?page=1&limit=10 404 - 1ms 
2025-12-08 17:51:52 [ERROR]: GET /api/v1/posts?page=1&limit=10 404 - 1ms 
2025-12-08 17:51:52 [ERROR]: GET /api/v1/posts?page=1&limit=10 404 - 1ms 
2025-12-08 17:52:01 [ERROR]: GET /api/v1/posts?page=1&limit=10 404 - 0ms 
2025-12-08 17:52:01 [ERROR]: GET /api/v1/posts?page=1&limit=10 404 - 1ms 
2025-12-08 17:52:09 [ERROR]: GET /api/v1/posts?page=1&limit=10 404 - 1ms 
2025-12-08 17:53:12 [ERROR]: GET /api/v1/posts?page=1&limit=10 404 - 0ms 
2025-12-08 17:53:16 [ERROR]: GET /api/v1/posts?page=1&limit=10 404 - 0ms 
2025-12-08 17:53:18 [ERROR]: GET /api/v1/posts?page=1&limit=10 404 - 0ms 
2025-12-08 17:53:18 [ERROR]: GET /api/v1/posts?page=1&limit=10 404 - 0ms 
2025-12-08 17:53:26 [ERROR]: GET /api/v1/posts?page=1&limit=10 404 - 1ms 
2025-12-08 17:53:44 [ERROR]: GET /api/v1/posts?page=1&limit=10 404 - 1ms 
2025-12-08 17:53:44 [ERROR]: GET /api/v1/posts?page=1&limit=10 404 - 1ms 
2025-12-08 17:53:56 [ERROR]: GET /api/v1/posts?page=1&limit=10 404 - 1ms 
2025-12-08 17:54:10 [ERROR]: GET /api/v1/posts?page=1&limit=10 404 - 1ms 
2025-12-08 17:54:12 [ERROR]: GET /api/v1/posts?page=1&limit=10 404 - 3ms 
2025-12-08 17:54:12 [ERROR]: GET /api/v1/posts?page=1&limit=10 404 - 2ms 
2025-12-08 17:54:17 [ERROR]: GET /api/v1/posts?page=1&limit=10 404 - 2ms 
2025-12-08 17:54:33 [ERROR]: GET /api/v1/posts?page=1&limit=10 404 - 1ms 
2025-12-08 17:54:52 [ERROR]: GET /api/v1/posts?page=1&limit=10 404 - 0ms 
2025-12-08 17:55:02 [ERROR]: GET /api/v1/posts?page=1&limit=10 404 - 1ms 
2025-12-08 17:55:30 [ERROR]: GET /api/v1/posts?page=1&limit=10 404 - 0ms 
2025-12-08 17:55:37 [ERROR]: GET /api/v1/posts?page=1&limit=10 404 - 1ms 
2025-12-08 17:55:50 [ERROR]: GET /api/v1/posts?page=1&limit=10 404 - 1ms 
2025-12-08 17:55:56 [ERROR]: GET /api/v1/posts?page=1&limit=10 404 - 1ms 
2025-12-08 17:55:56 [ERROR]: GET /api/v1/posts?page=1&limit=10 404 - 1ms 
2025-12-08 17:56:06 [ERROR]: GET /api/v1/posts?page=1&limit=10 404 - 0ms 
2025-12-08 17:56:34 [ERROR]: GET /api/v1/posts?page=1&limit=10 404 - 1ms 
2025-12-08 17:56:37 [ERROR]: GET /api/v1/posts?page=1&limit=10 404 - 1ms 
2025-12-08 17:56:45 [ERROR]: GET /api/v1/posts?page=1&limit=10 404 - 1ms 
2025-12-08 17:56:50 [ERROR]: GET /api/v1/posts?page=1&limit=10 404 - 0ms 
2025-12-08 17:56:58 [ERROR]: GET /api/v1/posts?page=1&limit=10 404 - 0ms 
2025-12-08 17:56:58 [ERROR]: GET /api/v1/posts?page=1&limit=10 404 - 1ms 
2025-12-08 17:57:02 [ERROR]: GET /api/v1/posts?page=1&limit=10 404 - 1ms 
2025-12-08 17:57:31 [ERROR]: GET /api/v1/posts?page=1&limit=10 404 - 1ms 
2025-12-08 17:58:13 [ERROR]: GET /api/v1/posts?page=1&limit=10 404 - 1ms 
2025-12-08 17:58:13 [ERROR]: GET /api/v1/posts?page=1&limit=10 404 - 0ms 
2025-12-08 18:00:43 [ERROR]: GET /api/v1/posts?page=1&limit=10 404 - 1ms 
2025-12-08 18:00:46 [ERROR]: GET /api/v1/posts?page=1&limit=10 404 - 1ms 
2025-12-08 18:00:46 [ERROR]: GET /api/v1/posts?page=1&limit=10 404 - 0ms 
2025-12-08 18:01:45 [ERROR]: GET /api/v1/posts?page=1&limit=10 404 - 1ms 
2025-12-08 18:01:45 [ERROR]: GET /api/v1/posts?page=1&limit=10 404 - 3ms 
2025-12-08 18:02:58 [ERROR]: GET /api/v1/posts?page=1&limit=10 404 - 1ms 
2025-12-08 18:05:18 [ERROR]: GET /api/v1/posts?page=1&limit=10 404 - 2ms 
2025-12-08 18:05:18 [ERROR]: GET /api/v1/posts?page=1&limit=10 404 - 0ms 
2025-12-08 18:11:11 [ERROR]: GET /api/v1/posts?page=1&limit=10 404 - 1ms 
2025-12-08 18:11:11 [ERROR]: GET /api/v1/posts?page=1&limit=10 404 - 1ms 
2025-12-08 18:11:13 [ERROR]: JWT Verify Error: 
2025-12-08 18:11:13 [ERROR]: PUT /user/settings/theme 403 - 1ms 
2025-12-08 18:11:22 [ERROR]: JWT Verify Error: 
2025-12-08 18:11:22 [ERROR]: PUT /user/settings/theme 403 - 1ms 
2025-12-08 18:11:23 [ERROR]: JWT Verify Error: 
2025-12-08 18:11:23 [ERROR]: PUT /user/settings/theme 403 - 1ms 
2025-12-08 18:11:23 [ERROR]: JWT Verify Error: 
2025-12-08 18:11:23 [ERROR]: PUT /user/settings/theme 403 - 2ms 
2025-12-08 18:11:30 [ERROR]: JWT Verify Error: 
2025-12-08 18:11:30 [ERROR]: GET /api/v1/posts?page=1&limit=10 403 - 2ms 
2025-12-08 18:11:30 [ERROR]: JWT Verify Error: 
2025-12-08 18:11:30 [ERROR]: GET /api/v1/posts?page=1&limit=10 403 - 3ms 
2025-12-08 18:12:49 [ERROR]: JWT Verify Error: 
2025-12-08 18:12:49 [ERROR]: PUT /user/settings/theme 403 - 1ms 
2025-12-08 18:13:17 [ERROR]: JWT Verify Error: 
2025-12-08 18:13:17 [ERROR]: GET /user/search?query=d 403 - 1ms 
2025-12-08 18:17:11 [ERROR]: JWT Verify Error: 
2025-12-08 18:17:11 [ERROR]: GET /user/search?query=d 403 - 2ms 
2025-12-08 18:17:15 [ERROR]: JWT Verify Error: 
2025-12-08 18:17:15 [ERROR]: GET /user/search?query=dsad 403 - 3ms 
2025-12-08 18:17:31 [ERROR]: JWT Verify Error: 
2025-12-08 18:17:31 [ERROR]: GET /api/v1/posts?page=1&limit=10 403 - 1ms 
2025-12-08 18:17:31 [ERROR]: JWT Verify Error: 
2025-12-08 18:17:31 [ERROR]: GET /api/v1/posts?page=1&limit=10 403 - 1ms 
2025-12-08 18:17:34 [ERROR]: JWT Verify Error: 
2025-12-08 18:17:34 [ERROR]: PUT /user/settings/theme 403 - 1ms 
2025-12-08 18:17:35 [ERROR]: JWT Verify Error: 
2025-12-08 18:17:35 [ERROR]: PUT /user/settings/theme 403 - 1ms 
2025-12-08 18:23:49 [ERROR]: JWT Verify Error: 
2025-12-08 18:23:49 [ERROR]: GET /api/v1/posts?page=1&limit=10 403 - 2ms 
2025-12-08 18:23:49 [ERROR]: JWT Verify Error: 
2025-12-08 18:23:49 [ERROR]: GET /api/v1/posts?page=1&limit=10 403 - 1ms 
2025-12-08 18:24:51 [ERROR]: JWT Verify Error: 
2025-12-08 18:24:51 [ERROR]: GET /api/v1/posts?page=1&limit=10 403 - 2ms 
2025-12-08 18:24:51 [ERROR]: JWT Verify Error: 
2025-12-08 18:24:51 [ERROR]: GET /api/v1/posts?page=1&limit=10 403 - 1ms 
2025-12-08 18:37:01 [ERROR]: JWT Verify Error: 
2025-12-08 18:37:01 [ERROR]: GET /api/v1/posts?page=1&limit=10 403 - 2ms 
2025-12-08 18:37:01 [ERROR]: JWT Verify Error: 
2025-12-08 18:37:01 [ERROR]: GET /api/v1/posts?page=1&limit=10 403 - 1ms 
